[debug] [2022-08-24T22:49:01.180Z] ----------------------------------------------------------------------
[debug] [2022-08-24T22:49:01.186Z] Command:       C:\Program Files\nodejs\node.exe C:\Users\Godson\AppData\Roaming\npm\node_modules\firebase-tools\lib\bin\firebase.js deploy
[debug] [2022-08-24T22:49:01.187Z] CLI Version:   11.8.0
[debug] [2022-08-24T22:49:01.188Z] Platform:      win32
[debug] [2022-08-24T22:49:01.188Z] Node Version:  v16.15.1
[debug] [2022-08-24T22:49:01.190Z] Time:          Wed Aug 24 2022 22:49:01 GMT+0000 (Coordinated Universal Time)
[debug] [2022-08-24T22:49:01.190Z] ----------------------------------------------------------------------
[debug] 
[debug] [2022-08-24T22:49:01.371Z] > command requires scopes: ["email","openid","https://www.googleapis.com/auth/cloudplatformprojects.readonly","https://www.googleapis.com/auth/firebase","https://www.googleapis.com/auth/cloud-platform"]
[debug] [2022-08-24T22:49:01.372Z] > authorizing via signed-in user (godsonaddy@gmail.com)
[debug] [2022-08-24T22:49:01.372Z] [iam] checking project retink-7a803 for permissions ["firebase.projects.get","firebasehosting.sites.update"]
[debug] [2022-08-24T22:49:01.376Z] >>> [apiv2][query] POST https://cloudresourcemanager.googleapis.com/v1/projects/retink-7a803:testIamPermissions [none]
[debug] [2022-08-24T22:49:01.376Z] >>> [apiv2][(partial)header] POST https://cloudresourcemanager.googleapis.com/v1/projects/retink-7a803:testIamPermissions x-goog-quota-user=projects/retink-7a803
[debug] [2022-08-24T22:49:01.376Z] >>> [apiv2][body] POST https://cloudresourcemanager.googleapis.com/v1/projects/retink-7a803:testIamPermissions {"permissions":["firebase.projects.get","firebasehosting.sites.update"]}
[debug] [2022-08-24T22:49:02.178Z] <<< [apiv2][status] POST https://cloudresourcemanager.googleapis.com/v1/projects/retink-7a803:testIamPermissions 200
[debug] [2022-08-24T22:49:02.178Z] <<< [apiv2][body] POST https://cloudresourcemanager.googleapis.com/v1/projects/retink-7a803:testIamPermissions {"permissions":["firebase.projects.get","firebasehosting.sites.update"]}
[debug] [2022-08-24T22:49:02.181Z] >>> [apiv2][query] GET https://firebase.googleapis.com/v1beta1/projects/retink-7a803 [none]
[debug] [2022-08-24T22:49:02.887Z] <<< [apiv2][status] GET https://firebase.googleapis.com/v1beta1/projects/retink-7a803 200
[debug] [2022-08-24T22:49:02.887Z] <<< [apiv2][body] GET https://firebase.googleapis.com/v1beta1/projects/retink-7a803 {"projectId":"retink-7a803","projectNumber":"293082878100","displayName":"retink","name":"projects/retink-7a803","resources":{"hostingSite":"retink-7a803"},"state":"ACTIVE","etag":"1_69eda4ff-fd87-43e7-a465-5fc71504e5f1"}
[info] 
[info] === Deploying to 'retink-7a803'...
[info] 
[info] i  deploying hosting 
[debug] [2022-08-24T22:49:02.892Z] >>> [apiv2][query] GET https://firebase.googleapis.com/v1beta1/projects/retink-7a803 [none]
[debug] [2022-08-24T22:49:10.949Z] <<< [apiv2][status] GET https://firebase.googleapis.com/v1beta1/projects/retink-7a803 200
[debug] [2022-08-24T22:49:10.949Z] <<< [apiv2][body] GET https://firebase.googleapis.com/v1beta1/projects/retink-7a803 {"projectId":"retink-7a803","projectNumber":"293082878100","displayName":"retink","name":"projects/retink-7a803","resources":{"hostingSite":"retink-7a803"},"state":"ACTIVE","etag":"1_69eda4ff-fd87-43e7-a465-5fc71504e5f1"}
[debug] [2022-08-24T22:49:10.953Z] >>> [apiv2][query] POST https://firebasehosting.googleapis.com/v1beta1/projects/293082878100/sites/retink-7a803/versions [none]
[debug] [2022-08-24T22:49:10.954Z] >>> [apiv2][body] POST https://firebasehosting.googleapis.com/v1beta1/projects/293082878100/sites/retink-7a803/versions {"config":{},"labels":{"deployment-tool":"cli-firebase"}}
[debug] [2022-08-24T22:49:19.932Z] <<< [apiv2][status] POST https://firebasehosting.googleapis.com/v1beta1/projects/293082878100/sites/retink-7a803/versions 200
[debug] [2022-08-24T22:49:19.932Z] <<< [apiv2][body] POST https://firebasehosting.googleapis.com/v1beta1/projects/293082878100/sites/retink-7a803/versions {"name":"projects/293082878100/sites/retink-7a803/versions/ec6d292898780b22","status":"CREATED","config":{},"labels":{"deployment-tool":"cli-firebase"}}
[info] i  hosting[retink-7a803]: beginning deploy... 
[info] i  hosting[retink-7a803]: found 17 files in build 
[debug] [2022-08-24T22:49:19.960Z] [hosting] uploading with 200 concurrency
[debug] [2022-08-24T22:49:20.545Z] [hosting] hash cache [YnVpbGQ] stored for 17 files
[debug] [2022-08-24T22:49:20.546Z] [hosting][hash queue][FINAL] {"max":567,"min":5,"avg":88.52941176470588,"active":0,"complete":17,"success":17,"errored":0,"retried":0,"total":17,"elapsed":581}
[debug] [2022-08-24T22:49:20.547Z] >>> [apiv2][query] POST https://firebasehosting.googleapis.com/v1beta1/projects/293082878100/sites/retink-7a803/versions/ec6d292898780b22:populateFiles [none]
[debug] [2022-08-24T22:49:20.547Z] >>> [apiv2][body] POST https://firebasehosting.googleapis.com/v1beta1/projects/293082878100/sites/retink-7a803/versions/ec6d292898780b22:populateFiles {"files":{"/favicon.ico":"eae62e993eb980ec8a25058c39d5a51feab118bd2100c4deebb2a9c158ec11f9","/logo192.png":"3ee59515172ee198f3be375979df15ac5345183e656720a381b8872b2a39dc8b","/logo512.png":"ee7e2f3fdb8209c4b6fd7bef6ba50d1b9dba30a25bb5c3126df057e1cb6f5331","/manifest.json":"aff3449bdc238776f5d6d967f19ec491b36aed5fb7f23ccff6500736fd58494a","/robots.txt":"bfe106a3fb878dc83461c86818bf74fc1bdc7f28538ba613cd3e775516ce8b49","/404.html":"daa499dd96d8229e73235345702ba32f0793f0c8e5c0d30e40e37a5872be57aa","/asset-manifest.json":"f2dede140c0ae39e1d1c5220793770d901a77b26cadfe7c11fdd9e97a33bb6ba","/index.html":"34d45b4489e66e57fccd59ca0e1adb656e539134cb3719170cec28ab325e571a","/static/css/main.be0431b2.css":"3e395b043deaccf4f5b91c2c93d76bb4aa92716edfc85151e2872d74ffb1f83a","/static/js/787.bfdc56f1.chunk.js":"15427effbf61501a2e66fedab66cb8983fa3f8004bacce6a82e4cf8ce76f497a","/static/js/787.bfdc56f1.chunk.js.map":"99e5d31195cd27e5930c9fec8c6e460497cd0eac9b293b217eef56f412ca6049","/static/css/main.be0431b2.css.map":"538a38c26cf1bbbfcb33e0354d249e308758ee516a7f271a93c3ad1eb09d7c7f","/static/js/main.224aeb9f.js.LICENSE.txt":"90ac8b81d7021df501dfd9fad8236db27fa886e29da39b88dd3a68c4fb7f5188","/static/media/retink.b811566cb25becfd571c706225456e95.svg":"6e9f83ec4e721d7b661c5974a4ac292b40b365d4e772d9821575ba31d04f22f9","/static/js/main.224aeb9f.js":"c1712a4d3d8044517dda439ae39707fa0e17487da38b7a7a6a0484766ccb1abd","/static/js/main.224aeb9f.js.map":"6f01a7542eac91ee49c4a0339b39058c9b0b4e8a14377d1a086fe046c797d658","/static/media/Ikbal 3.741f940345e0a0cd0d8e.svg":"07d014b8493b82954a9224f6a8498a1dd4ceebefc778c7cb7e029158c4ec6426"}}
[debug] [2022-08-24T22:49:31.137Z] <<< [apiv2][status] POST https://firebasehosting.googleapis.com/v1beta1/projects/293082878100/sites/retink-7a803/versions/ec6d292898780b22:populateFiles 200
[debug] [2022-08-24T22:49:31.138Z] <<< [apiv2][body] POST https://firebasehosting.googleapis.com/v1beta1/projects/293082878100/sites/retink-7a803/versions/ec6d292898780b22:populateFiles {"uploadUrl":"https://upload-firebasehosting.googleapis.com/upload/sites/retink-7a803/versions/ec6d292898780b22/files"}
[debug] [2022-08-24T22:49:31.138Z] [hosting][populate queue][FINAL] {"max":10597,"min":10597,"avg":10597,"active":0,"complete":1,"success":1,"errored":0,"retried":0,"total":1,"elapsed":10597}
[debug] [2022-08-24T22:49:31.139Z] [hosting] uploads queued: 0
[debug] [2022-08-24T22:49:31.139Z] [hosting][upload queue][FINAL] {"max":0,"min":9999999999,"avg":0,"active":0,"complete":0,"success":0,"errored":0,"retried":0,"total":0,"elapsed":1661381371139}
[info] +  hosting[retink-7a803]: file upload complete 
[debug] [2022-08-24T22:49:31.148Z] [hosting] deploy completed after 11213ms
[debug] [2022-08-24T22:49:31.154Z] [
  {
    "config": {
      "public": "build",
      "ignore": [
        "firebase.json",
        "**/.*",
        "**/node_modules/**"
      ],
      "site": "retink-7a803"
    },
    "site": "retink-7a803",
    "version": "projects/293082878100/sites/retink-7a803/versions/ec6d292898780b22"
  }
]
[info] i  hosting[retink-7a803]: finalizing version... 
[debug] [2022-08-24T22:49:31.156Z] >>> [apiv2][query] PATCH https://firebasehosting.googleapis.com/v1beta1/projects/293082878100/sites/retink-7a803/versions/ec6d292898780b22 updateMask=status%2Cconfig
[debug] [2022-08-24T22:49:31.156Z] >>> [apiv2][body] PATCH https://firebasehosting.googleapis.com/v1beta1/projects/293082878100/sites/retink-7a803/versions/ec6d292898780b22 {"status":"FINALIZED","config":{}}
[debug] [2022-08-24T22:49:37.089Z] <<< [apiv2][status] PATCH https://firebasehosting.googleapis.com/v1beta1/projects/293082878100/sites/retink-7a803/versions/ec6d292898780b22 200
[debug] [2022-08-24T22:49:37.089Z] <<< [apiv2][body] PATCH https://firebasehosting.googleapis.com/v1beta1/projects/293082878100/sites/retink-7a803/versions/ec6d292898780b22 {"name":"projects/293082878100/sites/retink-7a803/versions/ec6d292898780b22","status":"FINALIZED","config":{},"labels":{"deployment-tool":"cli-firebase"},"createTime":"2022-08-24T22:49:18.122711Z","createUser":{"email":"godsonaddy@gmail.com"},"finalizeTime":"2022-08-24T22:49:37.544711Z","finalizeUser":{"email":"godsonaddy@gmail.com"}}
[debug] [2022-08-24T22:49:37.090Z] [hosting] finalized version for retink-7a803:[object Object]
[info] +  hosting[retink-7a803]: version finalized 
[info] i  hosting[retink-7a803]: releasing new version... 
[debug] [2022-08-24T22:49:37.092Z] >>> [apiv2][query] POST https://firebasehosting.googleapis.com/v1beta1/projects/293082878100/sites/retink-7a803/releases versionName=projects%2F293082878100%2Fsites%2Fretink-7a803%2Fversions%2Fec6d292898780b22
[debug] [2022-08-24T22:49:37.092Z] >>> [apiv2][body] POST https://firebasehosting.googleapis.com/v1beta1/projects/293082878100/sites/retink-7a803/releases {"message":null}
[debug] [2022-08-24T22:49:45.202Z] <<< [apiv2][status] POST https://firebasehosting.googleapis.com/v1beta1/projects/293082878100/sites/retink-7a803/releases 200
[debug] [2022-08-24T22:49:45.203Z] <<< [apiv2][body] POST https://firebasehosting.googleapis.com/v1beta1/projects/293082878100/sites/retink-7a803/releases {"name":"projects/293082878100/sites/retink-7a803/releases/1661381382504002","version":{"name":"projects/293082878100/sites/retink-7a803/versions/ec6d292898780b22","status":"FINALIZED","config":{},"labels":{"deployment-tool":"cli-firebase"},"createTime":"2022-08-24T22:49:18.122711Z","createUser":{"email":"godsonaddy@gmail.com","imageUrl":"https://lh3.googleusercontent.com/a/AItbvmkNcUYLcJed_qUOXuPt9g0nQI0dUeER51HV3w=mo"},"finalizeTime":"2022-08-24T22:49:37.544711Z","finalizeUser":{"email":"godsonaddy@gmail.com","imageUrl":"https://lh3.googleusercontent.com/a/AItbvmkNcUYLcJed_qUOXuPt9g0nQI0dUeER51HV3w=mo"}},"type":"DEPLOY","releaseTime":"2022-08-24T22:49:42.504002575Z","releaseUser":{"email":"godsonaddy@gmail.com","imageUrl":"https://lh3.googleusercontent.com/a/AItbvmkNcUYLcJed_qUOXuPt9g0nQI0dUeER51HV3w=mo"}}
[debug] [2022-08-24T22:49:45.203Z] [hosting] release: {"name":"projects/293082878100/sites/retink-7a803/releases/1661381382504002","version":{"name":"projects/293082878100/sites/retink-7a803/versions/ec6d292898780b22","status":"FINALIZED","config":{},"labels":{"deployment-tool":"cli-firebase"},"createTime":"2022-08-24T22:49:18.122711Z","createUser":{"email":"godsonaddy@gmail.com","imageUrl":"https://lh3.googleusercontent.com/a/AItbvmkNcUYLcJed_qUOXuPt9g0nQI0dUeER51HV3w=mo"},"finalizeTime":"2022-08-24T22:49:37.544711Z","finalizeUser":{"email":"godsonaddy@gmail.com","imageUrl":"https://lh3.googleusercontent.com/a/AItbvmkNcUYLcJed_qUOXuPt9g0nQI0dUeER51HV3w=mo"}},"type":"DEPLOY","releaseTime":"2022-08-24T22:49:42.504002575Z","releaseUser":{"email":"godsonaddy@gmail.com","imageUrl":"https://lh3.googleusercontent.com/a/AItbvmkNcUYLcJed_qUOXuPt9g0nQI0dUeER51HV3w=mo"}}
[info] +  hosting[retink-7a803]: release complete 
[info] 
[info] +  Deploy complete! 
[info] 
[info] Project Console: https://console.firebase.google.com/project/retink-7a803/overview
[info] Hosting URL: https://retink-7a803.web.app
[debug] [2022-08-24T22:50:00.720Z] Error: Timed out.
    at Timeout._onTimeout (C:\Users\Godson\AppData\Roaming\npm\node_modules\firebase-tools\lib\utils.js:253:49)
    at listOnTimeout (node:internal/timers:559:17)
    at processTimers (node:internal/timers:502:7)
[error] 
[error] Error: An unexpected error has occurred.
